2026-03-18 12:06:38,600 - INFO - ================================================================================
2026-03-18 12:06:38,600 - INFO - PhysECD Training Pipeline
2026-03-18 12:06:38,600 - INFO - ================================================================================
2026-03-18 12:06:38,600 - INFO - Device: cuda
2026-03-18 12:06:38,600 - INFO - Configuration: {'data_dir': 'data/processed_with_enantiomers', 'checkpoint_dir': 'checkpoints', 'batch_size': 32, 'num_epochs': 25, 'learning_rate': 0.001, 'weight_decay': 1e-05, 'num_workers': 4, 'num_features': 128, 'max_l': 2, 'num_blocks': 3, 'num_radial': 32, 'cutoff': 5.0, 'n_states': 20, 'max_atomic_number': 60, 'lambda_E': 1.0, 'lambda_mu': 1.0, 'lambda_m': 1.0, 'lambda_R': 1.0}
2026-03-18 12:06:38,600 - INFO - 
Loading data...
2026-03-18 12:06:38,600 - INFO - Loading training data from data/processed_with_enantiomers/train.pt
2026-03-18 12:06:42,215 - INFO - Loaded 17418 training samples
2026-03-18 12:06:42,215 - INFO - Loading validation data from data/processed_with_enantiomers/val.pt
2026-03-18 12:06:42,535 - INFO - Loaded 2176 validation samples
2026-03-18 12:06:42,535 - INFO - 
Initializing model...
2026-03-18 12:06:43,855 - INFO - Model initialized with 1,442,792 trainable parameters
2026-03-18 12:06:43,855 - INFO - 
Starting training...
2026-03-18 12:06:43,856 - INFO - ================================================================================
2026-03-18 12:06:43,856 - INFO - 
Epoch 1/25
2026-03-18 12:06:43,856 - INFO - --------------------------------------------------------------------------------
2026-03-18 12:06:47,731 - INFO -   Batch [10/545] Loss: 2.3268 (E: 6.6016, mu: 0.3744, m: 0.3148, R: 2939.5352)
2026-03-18 12:06:48,607 - INFO -   Batch [20/545] Loss: 1.8597 (E: 1.9921, mu: 0.2114, m: 0.3010, R: 3440.0657)
2026-03-18 12:06:49,450 - INFO -   Batch [30/545] Loss: 1.6218 (E: 0.6358, mu: 0.1745, m: 0.3241, R: 8476.1377)
2026-03-18 12:06:50,291 - INFO -   Batch [40/545] Loss: 1.5143 (E: 0.6043, mu: 0.0864, m: 0.3358, R: 4935.5771)
2026-03-18 12:06:51,193 - INFO -   Batch [50/545] Loss: 1.4463 (E: 0.4501, mu: 0.0753, m: 0.3081, R: 7711.6929)
2026-03-18 12:06:52,049 - INFO -   Batch [60/545] Loss: 1.3990 (E: 0.6361, mu: 0.0636, m: 0.2750, R: 2051.7244)
2026-03-18 12:06:52,884 - INFO -   Batch [70/545] Loss: 1.3714 (E: 0.4401, mu: 0.0775, m: 0.2981, R: 4090.4568)
2026-03-18 12:06:53,740 - INFO -   Batch [80/545] Loss: 1.3437 (E: 0.4185, mu: 0.0436, m: 0.3146, R: 3250.2068)
2026-03-18 12:06:54,622 - INFO -   Batch [90/545] Loss: 1.3252 (E: 0.4169, mu: 0.0287, m: 0.2953, R: 2518.7998)
2026-03-18 12:06:55,456 - INFO -   Batch [100/545] Loss: 1.3123 (E: 0.3333, mu: 0.1036, m: 0.3178, R: 3293.9954)
2026-03-18 12:06:56,318 - INFO -   Batch [110/545] Loss: 1.3101 (E: 0.4982, mu: 0.0459, m: 0.3191, R: 5324.2734)
2026-03-18 12:06:57,207 - INFO -   Batch [120/545] Loss: 1.3077 (E: 0.1986, mu: 0.0325, m: 0.3921, R: 3406.3286)
2026-03-18 12:06:58,051 - INFO -   Batch [130/545] Loss: 1.3088 (E: 0.2469, mu: 0.0578, m: 0.3244, R: 5907.7300)
2026-03-18 12:06:58,883 - INFO -   Batch [140/545] Loss: 1.3073 (E: 0.3141, mu: 0.1048, m: 0.3436, R: 4150.3447)
2026-03-18 12:06:59,739 - INFO -   Batch [150/545] Loss: 1.3050 (E: 0.2032, mu: 0.0252, m: 0.2905, R: 3964.8379)
2026-03-18 12:07:00,611 - INFO -   Batch [160/545] Loss: 1.3135 (E: 0.1525, mu: 0.0402, m: 0.3903, R: 6324.7007)
2026-03-18 12:07:01,475 - INFO -   Batch [170/545] Loss: 1.3150 (E: 0.3011, mu: 0.0325, m: 0.2669, R: 2198.7505)
2026-03-18 12:07:02,297 - INFO -   Batch [180/545] Loss: 1.3199 (E: 0.2163, mu: 0.0248, m: 0.2965, R: 3847.5903)
2026-03-18 12:07:03,151 - INFO -   Batch [190/545] Loss: 1.3271 (E: 0.3308, mu: 0.0399, m: 0.3152, R: 3301.8406)
2026-03-18 12:07:03,981 - INFO -   Batch [200/545] Loss: 1.3387 (E: 0.2390, mu: 0.0456, m: 0.3250, R: 3017.8157)
2026-03-18 12:07:04,843 - INFO -   Batch [210/545] Loss: 1.3506 (E: 0.4612, mu: 0.0303, m: 0.3339, R: 3333.2310)
2026-03-18 12:07:05,715 - INFO -   Batch [220/545] Loss: 1.3659 (E: 0.2255, mu: 0.0268, m: 0.3220, R: 6342.9844)
2026-03-18 12:07:06,586 - INFO -   Batch [230/545] Loss: 1.3746 (E: 0.2289, mu: 0.0237, m: 0.2978, R: 4269.6792)
2026-03-18 12:07:07,508 - INFO -   Batch [240/545] Loss: 1.3922 (E: 0.6186, mu: 0.0371, m: 0.2928, R: 4652.3643)
2026-03-18 12:07:08,422 - INFO -   Batch [250/545] Loss: 1.4021 (E: 0.2167, mu: 0.0346, m: 0.3290, R: 3887.7898)
2026-03-18 12:07:09,308 - INFO -   Batch [260/545] Loss: 1.4182 (E: 0.2074, mu: 0.0473, m: 0.3949, R: 5781.7456)
2026-03-18 12:07:10,020 - INFO -   Batch [270/545] Loss: 1.4341 (E: 0.3290, mu: 0.0477, m: 0.3508, R: 4267.5210)
2026-03-18 12:07:10,747 - INFO -   Batch [280/545] Loss: 1.4531 (E: 0.2081, mu: 0.0655, m: 0.3342, R: 5122.5405)
2026-03-18 12:07:11,470 - INFO -   Batch [290/545] Loss: 1.4714 (E: 0.1379, mu: 0.0316, m: 0.3438, R: 3351.2070)
2026-03-18 12:07:12,198 - INFO -   Batch [300/545] Loss: 1.4817 (E: 0.2074, mu: 0.0324, m: 0.4013, R: 4051.6548)
2026-03-18 12:07:12,927 - INFO -   Batch [310/545] Loss: 1.4938 (E: 0.1792, mu: 0.0361, m: 0.2692, R: 2526.5786)
2026-03-18 12:07:13,646 - INFO -   Batch [320/545] Loss: 1.5094 (E: 0.2518, mu: 0.0279, m: 0.3026, R: 2274.9739)
2026-03-18 12:07:14,392 - INFO -   Batch [330/545] Loss: 1.5260 (E: 0.2521, mu: 0.0201, m: 0.3253, R: 6365.1470)
2026-03-18 12:07:15,242 - INFO -   Batch [340/545] Loss: 1.5414 (E: 0.3180, mu: 0.0241, m: 0.2849, R: 2627.5247)
2026-03-18 12:07:16,127 - INFO -   Batch [350/545] Loss: 1.5592 (E: 0.1775, mu: 0.0262, m: 0.3082, R: 2436.9490)
2026-03-18 12:07:17,003 - INFO -   Batch [360/545] Loss: 1.5823 (E: 0.5096, mu: 0.0363, m: 0.3137, R: 4071.0332)
2026-03-18 12:07:17,917 - INFO -   Batch [370/545] Loss: 1.5993 (E: 0.2047, mu: 0.0173, m: 0.3103, R: 3195.1079)
2026-03-18 12:07:18,814 - INFO -   Batch [380/545] Loss: 1.6176 (E: 0.2128, mu: 0.0452, m: 0.3729, R: 4762.3853)
2026-03-18 12:07:19,691 - INFO -   Batch [390/545] Loss: 1.6403 (E: 0.2203, mu: 0.0229, m: 0.3372, R: 6405.6460)
2026-03-18 12:07:20,615 - INFO -   Batch [400/545] Loss: 1.6594 (E: 0.3055, mu: 0.0169, m: 0.3174, R: 3455.6145)
2026-03-18 12:07:21,525 - INFO -   Batch [410/545] Loss: 1.6792 (E: 0.2389, mu: 0.0269, m: 0.3604, R: 2876.6794)
2026-03-18 12:07:22,437 - INFO -   Batch [420/545] Loss: 1.7003 (E: 0.2135, mu: 0.0183, m: 0.3225, R: 3385.3293)
2026-03-18 12:07:23,356 - INFO -   Batch [430/545] Loss: 1.7270 (E: 0.1996, mu: 0.0307, m: 0.3400, R: 10376.3301)
2026-03-18 12:07:24,268 - INFO -   Batch [440/545] Loss: 1.7456 (E: 0.1206, mu: 0.0331, m: 0.2663, R: 3868.6562)
2026-03-18 12:07:25,158 - INFO -   Batch [450/545] Loss: 1.7614 (E: 0.1291, mu: 0.0498, m: 0.3150, R: 4665.7808)
2026-03-18 12:07:25,985 - INFO -   Batch [460/545] Loss: 1.7819 (E: 0.1250, mu: 0.0417, m: 0.4289, R: 8678.3125)
2026-03-18 12:07:26,896 - INFO -   Batch [470/545] Loss: 1.7960 (E: 0.1425, mu: 0.0165, m: 0.2705, R: 3588.0532)
2026-03-18 12:07:27,806 - INFO -   Batch [480/545] Loss: 1.8139 (E: 0.1942, mu: 0.0346, m: 0.3056, R: 3055.6980)
2026-03-18 12:07:28,674 - INFO -   Batch [490/545] Loss: 1.8428 (E: 0.1661, mu: 0.0206, m: 0.3511, R: 6051.9282)
2026-03-18 12:07:29,579 - INFO -   Batch [500/545] Loss: 1.8639 (E: 0.2157, mu: 0.0154, m: 0.2901, R: 3741.9790)
2026-03-18 12:07:30,510 - INFO -   Batch [510/545] Loss: 1.8899 (E: 0.2975, mu: 0.0150, m: 0.2812, R: 3670.7642)
2026-03-18 12:07:31,341 - INFO -   Batch [520/545] Loss: 1.9132 (E: 0.1132, mu: 0.0173, m: 0.3804, R: 9769.2061)
2026-03-18 12:07:32,175 - INFO -   Batch [530/545] Loss: 1.9328 (E: 0.0755, mu: 0.0248, m: 0.3371, R: 5791.7778)
2026-03-18 12:07:33,019 - INFO -   Batch [540/545] Loss: 1.9464 (E: 0.2092, mu: 0.0207, m: 0.2950, R: 3502.6462)
2026-03-18 12:07:33,504 - INFO -   Training epoch completed in 49.65s
2026-03-18 12:07:33,506 - INFO -   Running validation...
2026-03-18 12:07:35,995 - INFO - --------------------------------------------------------------------------------
2026-03-18 12:07:35,996 - INFO - Epoch 1 Summary - Train Loss: 1.9550, Val Loss: 3.0422, LR: 0.000996
2026-03-18 12:07:35,996 - INFO -   Train: E=0.4672, mu=0.0815, m=0.3270, R=4700.3432
2026-03-18 12:07:35,996 - INFO -   Val:   E=0.1014, mu=0.0355, m=0.3250, R=4250.4225
2026-03-18 12:07:36,062 - INFO -   Saved best model (val_loss: 3.0422)
2026-03-18 12:07:36,660 - INFO -   Updated loss curves plot
2026-03-18 12:07:36,660 - INFO - 
Epoch 2/25
2026-03-18 12:07:36,660 - INFO - --------------------------------------------------------------------------------
2026-03-18 12:07:37,744 - INFO -   Batch [10/545] Loss: 3.2248 (E: 0.0840, mu: 0.0244, m: 0.3193, R: 3708.2578)
2026-03-18 12:07:38,638 - INFO -   Batch [20/545] Loss: 3.3199 (E: 0.1239, mu: 0.0232, m: 0.3197, R: 8166.0586)
2026-03-18 12:07:39,559 - INFO -   Batch [30/545] Loss: 3.3376 (E: 0.1231, mu: 0.0324, m: 0.3591, R: 3835.4197)
2026-03-18 12:07:40,464 - INFO -   Batch [40/545] Loss: 3.3727 (E: 0.0979, mu: 0.0327, m: 0.3262, R: 5977.0522)
2026-03-18 12:07:41,346 - INFO -   Batch [50/545] Loss: 3.4227 (E: 0.1073, mu: 0.0216, m: 0.3430, R: 4646.3687)
2026-03-18 12:07:42,169 - INFO -   Batch [60/545] Loss: 3.3983 (E: 0.0942, mu: 0.0291, m: 0.2884, R: 3710.6355)
2026-03-18 12:07:43,058 - INFO -   Batch [70/545] Loss: 3.4189 (E: 0.1227, mu: 0.0326, m: 0.4260, R: 8338.6035)
2026-03-18 12:07:43,964 - INFO -   Batch [80/545] Loss: 3.4217 (E: 0.0992, mu: 0.0218, m: 0.3208, R: 5272.9619)
2026-03-18 12:07:44,876 - INFO -   Batch [90/545] Loss: 3.4017 (E: 0.1319, mu: 0.0200, m: 0.3331, R: 4707.5098)
2026-03-18 12:07:45,815 - INFO -   Batch [100/545] Loss: 3.3770 (E: 0.1138, mu: 0.0187, m: 0.2638, R: 2457.1106)
2026-03-18 12:07:46,712 - INFO -   Batch [110/545] Loss: 3.3663 (E: 0.0664, mu: 0.0148, m: 0.3328, R: 4110.0869)
2026-03-18 12:07:47,629 - INFO -   Batch [120/545] Loss: 3.3561 (E: 0.2049, mu: 0.0155, m: 0.3425, R: 4236.4077)
2026-03-18 12:07:48,520 - INFO -   Batch [130/545] Loss: 3.3688 (E: 0.0794, mu: 0.0156, m: 0.3381, R: 4860.9272)
2026-03-18 12:07:49,409 - INFO -   Batch [140/545] Loss: 3.3891 (E: 0.1203, mu: 0.0180, m: 0.3314, R: 3110.9727)
2026-03-18 12:07:50,290 - INFO -   Batch [150/545] Loss: 3.4026 (E: 0.0743, mu: 0.0168, m: 0.2723, R: 3492.7168)
2026-03-18 12:07:51,227 - INFO -   Batch [160/545] Loss: 3.4383 (E: 0.1063, mu: 0.0267, m: 0.3726, R: 3379.7832)
2026-03-18 12:07:52,103 - INFO -   Batch [170/545] Loss: 3.4586 (E: 0.1272, mu: 0.0211, m: 0.3194, R: 5619.2710)
2026-03-18 12:07:52,948 - INFO -   Batch [180/545] Loss: 3.4777 (E: 0.1172, mu: 0.0180, m: 0.3672, R: 4127.7690)
2026-03-18 12:07:53,823 - INFO -   Batch [190/545] Loss: 3.4997 (E: 0.1172, mu: 0.0221, m: 0.3272, R: 5043.3071)
2026-03-18 12:07:54,735 - INFO -   Batch [200/545] Loss: 3.5220 (E: 0.1944, mu: 0.0245, m: 0.3219, R: 3353.8970)
2026-03-18 12:07:55,601 - INFO -   Batch [210/545] Loss: 3.5376 (E: 0.0908, mu: 0.0219, m: 0.3232, R: 5820.3545)
2026-03-18 12:07:56,511 - INFO -   Batch [220/545] Loss: 3.5646 (E: 0.1992, mu: 0.0179, m: 0.3596, R: 2666.9531)
2026-03-18 12:07:57,445 - INFO -   Batch [230/545] Loss: 3.5784 (E: 0.0854, mu: 0.0165, m: 0.3760, R: 3971.0266)
2026-03-18 12:07:58,308 - INFO -   Batch [240/545] Loss: 3.5892 (E: 0.2307, mu: 0.0163, m: 0.3366, R: 2467.4900)
2026-03-18 12:07:59,178 - INFO -   Batch [250/545] Loss: 3.6341 (E: 0.2211, mu: 0.0173, m: 0.3878, R: 5302.9526)
2026-03-18 12:08:00,101 - INFO -   Batch [260/545] Loss: 3.6413 (E: 0.1113, mu: 0.0155, m: 0.2965, R: 2926.2051)
